4 11 13 16 16 17 19 20 22 24 28 33 33 39 39 41 43 48 52 74 79 82 87 91 95 96 96 97 103 104 105 106 113 115 115 116 120 121 121 122 123 128 133 139 140 141 150 150 152 156 172 176 177 178 180 182 187 193 200 202 202 204 205 207 219 224 227 228 228 229 236 241 244 246 249 255 257 263 266 268 269 270 272 279 281 281 286 288 297 298 
3 65 82 155 203 210 217 219 248 267 
10 90
10 89 0
10 89
10 88 0
10 88
10 87 0
10 87
10 86 0
10 86
10 85 0
10 85
10 84 0
10 84
10 83 0
10 83
10 82 0
10 82
10 81 0
10 81
10 80 0
10 80
10 78 1
10 78
9 77 2
9 77
9 76 2
9 76
9 75 2
9 75
9 73 3
9 73
8 72 4
8 72
8 71 4
8 71
8 70 4
8 70
8 69 4
8 69
8 68 4
8 68
8 67 4
8 67
8 66 4
8 66
8 64 5
8 64
7 63 6
7 63
7 62 7
7 62
6 61 8
6 61
6 60 9
6 60
5 59 10
5 59
5 58 11
5 58
4 57 12
4 57
4 56 12
4 56
4 55 12
4 55
4 54 12
4 54
4 53 12
4 53
4 52 12
4 52
4 51 12
4 51
4 50 12
4 50
4 48 13
4 48
3 47 14
3 47
3 46 14
3 46
3 45 14
3 45
3 44 14
3 44
3 43 14
3 43
3 42 14
3 42
3 41 14
3 41
3 40 14
3 40
3 39 14
3 39
3 38 14
3 38
3 37 14
3 37
3 36 14
3 36
3 35 14
3 35
3 34 14
3 34
3 33 14
3 33
3 32 14
3 32
3 31 14
3 31
3 30 14
3 30
3 29 14
3 29
3 28 14
3 28
3 27 14
3 27
3 26 14
3 26
3 25 14
3 25
3 24 14
3 24
3 23 14
3 23
3 21 15
3 21
2 20 16
2 20
2 18 17
2 18
1 17 18
1 17
1 16 18
1 16
1 15 18
1 15
1 14 18
1 14
1 13 18
1 13
1 12 18
1 12
1 11 18
1 11
1 10 18
1 10
1 9 18
1 9
1 8 18
1 8
1 7 18
1 7
1 6 18
1 6
1 5 18
1 5
1 4 18
1 4
1 3 18
1 3
1 2 18
1 2
1 1 18
1 1
1 -1 19
19