10001   -1   -1   -1   -1   -1   -1   -1   -1   -1   -1   -1   -1   -1   -1   -1   -1
   -1   -1   -1   -1   -1   -1   -1   -1   -1   -1   -1   -1   -1   -1   -1   -1   -1
   -1   -1   -1   -1   -1   -1   -1   -1   -1   -1   -1   -1   -1   -1   -1   -1   -1
   -1   -1   -1   -1   -1   -1   -1   -1   -1   -1   -1   -1   -1   -1   -1   -1   -1
   -1   -1   -1   -1   -1   -1   -1   -1   -1   -1   -1   -1   -1   -1   -1   -1   -1
   -1   -1   -1   -1   -1   -1   -1   -1   -1   -1   -1   -1   -1   -1   -1   -1   -1
    0    0    0    0    0    0    0    0    0    0    0    0    0    0    0    0    0

1000110001   -1   -1   -1   -1   -1   -1   -1   -1   -1   -1   -1   -1   -1   -1   -1
   -1   -1   -1   -1   -1   -1   -1   -1   -1   -1   -1   -1   -1   -1   -1   -1   -1
   -1   -1   -1   -1   -1   -1   -1   -1   -1   -1   -1   -1   -1   -1   -1   -1   -1
   -1   -1   -1   -1   -1   -1   -1   -1   -1   -1   -1   -1   -1   -1   -1   -1   -1
   -1   -1   -1   -1   -1   -1   -1   -1   -1   -1   -1   -1   -1   -1   -1   -1   -1
   -1   -1   -1   -1   -1   -1   -1   -1   -1   -1   -1   -1   -1   -1   -1   -1   -1
    0    0    0    0    0    0    0    0    0    0    0    0    0    0    0    0    0

100011000110001   -1   -1   -1   -1   -1   -1   -1   -1   -1   -1   -1   -1   -1   -1
   -1   -1   -1   -1   -1   -1   -1   -1   -1   -1   -1   -1   -1   -1   -1   -1   -1
   -1   -1   -1   -1   -1   -1   -1   -1   -1   -1   -1   -1   -1   -1   -1   -1   -1
   -1   -1   -1   -1   -1   -1   -1   -1   -1   -1   -1   -1   -1   -1   -1   -1   -1
   -1   -1   -1   -1   -1   -1   -1   -1   -1   -1   -1   -1   -1   -1   -1   -1   -1
   -1   -1   -1   -1   -1   -1   -1   -1   -1   -1   -1   -1   -1   -1   -1   -1   -1
    0    0    0    0    0    0    0    0    0    0    0    0    0    0    0    0    0

100011000110001    3   -1   -1   -1   -1   -1   -1   -1   -1   -1   -1   -1   -1   -1
   -1   -1   -1   -1   -1   -1   -1   -1   -1   -1   -1   -1   -1   -1   -1   -1   -1
   -1   -1   -1   -1   -1   -1   -1   -1   -1   -1   -1   -1   -1   -1   -1   -1   -1
   -1   -1   -1   -1   -1   -1   -1   -1   -1   -1   -1   -1   -1   -1   -1   -1   -1
   -1   -1   -1   -1   -1   -1   -1   -1   -1   -1   -1   -1   -1   -1   -1   -1   -1
   -1   -1   -1   -1   -1   -1   -1   -1   -1   -1   -1   -1   -1   -1   -1   -1   -1
    0    0    0    0    0    0    0    0    0    0    0    0    0    0    0    0    0

100011000110001    310001   -1   -1   -1   -1   -1   -1   -1   -1   -1   -1   -1   -1
   -1   -1   -1   -1   -1   -1   -1   -1   -1   -1   -1   -1   -1   -1   -1   -1   -1
   -1   -1   -1   -1   -1   -1   -1   -1   -1   -1   -1   -1   -1   -1   -1   -1   -1
   -1   -1   -1   -1   -1   -1   -1   -1   -1   -1   -1   -1   -1   -1   -1   -1   -1
   -1   -1   -1   -1   -1   -1   -1   -1   -1   -1   -1   -1   -1   -1   -1   -1   -1
   -1   -1   -1   -1   -1   -1   -1   -1   -1   -1   -1   -1   -1   -1   -1   -1   -1
    0    0    0    0    0    0    0    0    0    0    0    0    0    0    0    0    0

100011000110001    31000110001   -1   -1   -1   -1   -1   -1   -1   -1   -1   -1   -1
   -1   -1   -1   -1   -1   -1   -1   -1   -1   -1   -1   -1   -1   -1   -1   -1   -1
   -1   -1   -1   -1   -1   -1   -1   -1   -1   -1   -1   -1   -1   -1   -1   -1   -1
   -1   -1   -1   -1   -1   -1   -1   -1   -1   -1   -1   -1   -1   -1   -1   -1   -1
   -1   -1   -1   -1   -1   -1   -1   -1   -1   -1   -1   -1   -1   -1   -1   -1   -1
   -1   -1   -1   -1   -1   -1   -1   -1   -1   -1   -1   -1   -1   -1   -1   -1   -1
    0    0    0    0    0    0    0    0    0    0    0    0    0    0    0    0    0

100011000110001    3100011000110001   -1   -1   -1   -1   -1   -1   -1   -1   -1   -1
   -1   -1   -1   -1   -1   -1   -1   -1   -1   -1   -1   -1   -1   -1   -1   -1   -1
   -1   -1   -1   -1   -1   -1   -1   -1   -1   -1   -1   -1   -1   -1   -1   -1   -1
   -1   -1   -1   -1   -1   -1   -1   -1   -1   -1   -1   -1   -1   -1   -1   -1   -1
   -1   -1   -1   -1   -1   -1   -1   -1   -1   -1   -1   -1   -1   -1   -1   -1   -1
   -1   -1   -1   -1   -1   -1   -1   -1   -1   -1   -1   -1   -1   -1   -1   -1   -1
    0    0    0    0    0    0    0    0    0    0    0    0    0    0    0    0    0

100011000110001    310001100011000110001   -1   -1   -1   -1   -1   -1   -1   -1   -1
   -1   -1   -1   -1   -1   -1   -1   -1   -1   -1   -1   -1   -1   -1   -1   -1   -1
   -1   -1   -1   -1   -1   -1   -1   -1   -1   -1   -1   -1   -1   -1   -1   -1   -1
   -1   -1   -1   -1   -1   -1   -1   -1   -1   -1   -1   -1   -1   -1   -1   -1   -1
   -1   -1   -1   -1   -1   -1   -1   -1   -1   -1   -1   -1   -1   -1   -1   -1   -1
   -1   -1   -1   -1   -1   -1   -1   -1   -1   -1   -1   -1   -1   -1   -1   -1   -1
    0    0    0    0    0    0    0    0    0    0    0    0    0    0    0    0    0

100011000110001    31000110001100011000110001   -1   -1   -1   -1   -1   -1   -1   -1
   -1   -1   -1   -1   -1   -1   -1   -1   -1   -1   -1   -1   -1   -1   -1   -1   -1
   -1   -1   -1   -1   -1   -1   -1   -1   -1   -1   -1   -1   -1   -1   -1   -1   -1
   -1   -1   -1   -1   -1   -1   -1   -1   -1   -1   -1   -1   -1   -1   -1   -1   -1
   -1   -1   -1   -1   -1   -1   -1   -1   -1   -1   -1   -1   -1   -1   -1   -1   -1
   -1   -1   -1   -1   -1   -1   -1   -1   -1   -1   -1   -1   -1   -1   -1   -1   -1
    0    0    0    0    0    0    0    0    0    0    0    0    0    0    0    0    0

100011000110001    3100011000110001100011000110001   -1   -1   -1   -1   -1   -1   -1
   -1   -1   -1   -1   -1   -1   -1   -1   -1   -1   -1   -1   -1   -1   -1   -1   -1
   -1   -1   -1   -1   -1   -1   -1   -1   -1   -1   -1   -1   -1   -1   -1   -1   -1
   -1   -1   -1   -1   -1   -1   -1   -1   -1   -1   -1   -1   -1   -1   -1   -1   -1
   -1   -1   -1   -1   -1   -1   -1   -1   -1   -1   -1   -1   -1   -1   -1   -1   -1
   -1   -1   -1   -1   -1   -1   -1   -1   -1   -1   -1   -1   -1   -1   -1   -1   -1
    0    0    0    0    0    0    0    0    0    0    0    0    0    0    0    0    0

100011000110001    310001100011000110001100011000110001   -1   -1   -1   -1   -1   -1
   -1   -1   -1   -1   -1   -1   -1   -1   -1   -1   -1   -1   -1   -1   -1   -1   -1
   -1   -1   -1   -1   -1   -1   -1   -1   -1   -1   -1   -1   -1   -1   -1   -1   -1
   -1   -1   -1   -1   -1   -1   -1   -1   -1   -1   -1   -1   -1   -1   -1   -1   -1
   -1   -1   -1   -1   -1   -1   -1   -1   -1   -1   -1   -1   -1   -1   -1   -1   -1
   -1   -1   -1   -1   -1   -1   -1   -1   -1   -1   -1   -1   -1   -1   -1   -1   -1
    0    0    0    0    0    0    0    0    0    0    0    0    0    0    0    0    0

100011000110001    31000110001100011000110001100011000110001   -1   -1   -1   -1   -1
   -1   -1   -1   -1   -1   -1   -1   -1   -1   -1   -1   -1   -1   -1   -1   -1   -1
   -1   -1   -1   -1   -1   -1   -1   -1   -1   -1   -1   -1   -1   -1   -1   -1   -1
   -1   -1   -1   -1   -1   -1   -1   -1   -1   -1   -1   -1   -1   -1   -1   -1   -1
   -1   -1   -1   -1   -1   -1   -1   -1   -1   -1   -1   -1   -1   -1   -1   -1   -1
   -1   -1   -1   -1   -1   -1   -1   -1   -1   -1   -1   -1   -1   -1   -1   -1   -1
    0    0    0    0    0    0    0    0    0    0    0    0    0    0    0    0    0

100011000110001    3100011000110001100011000110001100011000110001   -1   -1   -1   -1
   -1   -1   -1   -1   -1   -1   -1   -1   -1   -1   -1   -1   -1   -1   -1   -1   -1
   -1   -1   -1   -1   -1   -1   -1   -1   -1   -1   -1   -1   -1   -1   -1   -1   -1
   -1   -1   -1   -1   -1   -1   -1   -1   -1   -1   -1   -1   -1   -1   -1   -1   -1
   -1   -1   -1   -1   -1   -1   -1   -1   -1   -1   -1   -1   -1   -1   -1   -1   -1
   -1   -1   -1   -1   -1   -1   -1   -1   -1   -1   -1   -1   -1   -1   -1   -1   -1
    0    0    0    0    0    0    0    0    0    0    0    0    0    0    0    0    0

100011000110001    310001100011000110001100011000110001100011000110001   -1   -1   -1
   -1   -1   -1   -1   -1   -1   -1   -1   -1   -1   -1   -1   -1   -1   -1   -1   -1
   -1   -1   -1   -1   -1   -1   -1   -1   -1   -1   -1   -1   -1   -1   -1   -1   -1
   -1   -1   -1   -1   -1   -1   -1   -1   -1   -1   -1   -1   -1   -1   -1   -1   -1
   -1   -1   -1   -1   -1   -1   -1   -1   -1   -1   -1   -1   -1   -1   -1   -1   -1
   -1   -1   -1   -1   -1   -1   -1   -1   -1   -1   -1   -1   -1   -1   -1   -1   -1
    0    0    0    0    0    0    0    0    0    0    0    0    0    0    0    0    0

100011000110001    31000110001100011000110001100011000110001100011000110001   -1   -1
   -1   -1   -1   -1   -1   -1   -1   -1   -1   -1   -1   -1   -1   -1   -1   -1   -1
   -1   -1   -1   -1   -1   -1   -1   -1   -1   -1   -1   -1   -1   -1   -1   -1   -1
   -1   -1   -1   -1   -1   -1   -1   -1   -1   -1   -1   -1   -1   -1   -1   -1   -1
   -1   -1   -1   -1   -1   -1   -1   -1   -1   -1   -1   -1   -1   -1   -1   -1   -1
   -1   -1   -1   -1   -1   -1   -1   -1   -1   -1   -1   -1   -1   -1   -1   -1   -1
    0    0    0    0    0    0    0    0    0    0    0    0    0    0    0    0    0

100011000110001    3100011000110001100011000110001100011000110001100011000110001   -1
   -1   -1   -1   -1   -1   -1   -1   -1   -1   -1   -1   -1   -1   -1   -1   -1   -1
   -1   -1   -1   -1   -1   -1   -1   -1   -1   -1   -1   -1   -1   -1   -1   -1   -1
   -1   -1   -1   -1   -1   -1   -1   -1   -1   -1   -1   -1   -1   -1   -1   -1   -1
   -1   -1   -1   -1   -1   -1   -1   -1   -1   -1   -1   -1   -1   -1   -1   -1   -1
   -1   -1   -1   -1   -1   -1   -1   -1   -1   -1   -1   -1   -1   -1   -1   -1   -1
    0    0    0    0    0    0    0    0    0    0    0    0    0    0    0    0    0

100011000110001    310001100011000110001100011000110001100011000110001100011000110001
   -1   -1   -1   -1   -1   -1   -1   -1   -1   -1   -1   -1   -1   -1   -1   -1   -1
   -1   -1   -1   -1   -1   -1   -1   -1   -1   -1   -1   -1   -1   -1   -1   -1   -1
   -1   -1   -1   -1   -1   -1   -1   -1   -1   -1   -1   -1   -1   -1   -1   -1   -1
   -1   -1   -1   -1   -1   -1   -1   -1   -1   -1   -1   -1   -1   -1   -1   -1   -1
   -1   -1   -1   -1   -1   -1   -1   -1   -1   -1   -1   -1   -1   -1   -1   -1   -1
    0    0    0    0    0    0    0    0    0    0    0    0    0    0    0    0    0

100011000110001    310001100011000110001100011000110001100011000110001100011000110001
10001   -1   -1   -1   -1   -1   -1   -1   -1   -1   -1   -1   -1   -1   -1   -1   -1
   -1   -1   -1   -1   -1   -1   -1   -1   -1   -1   -1   -1   -1   -1   -1   -1   -1
   -1   -1   -1   -1   -1   -1   -1   -1   -1   -1   -1   -1   -1   -1   -1   -1   -1
   -1   -1   -1   -1   -1   -1   -1   -1   -1   -1   -1   -1   -1   -1   -1   -1   -1
   -1   -1   -1   -1   -1   -1   -1   -1   -1   -1   -1   -1   -1   -1   -1   -1   -1
    0    0    0    0    0    0    0    0    0    0    0    0    0    0    0    0    0

100011000110001    310001100011000110001100011000110001100011000110001100011000110001
1000110001   -1   -1   -1   -1   -1   -1   -1   -1   -1   -1   -1   -1   -1   -1   -1
   -1   -1   -1   -1   -1   -1   -1   -1   -1   -1   -1   -1   -1   -1   -1   -1   -1
   -1   -1   -1   -1   -1   -1   -1   -1   -1   -1   -1   -1   -1   -1   -1   -1   -1
   -1   -1   -1   -1   -1   -1   -1   -1   -1   -1   -1   -1   -1   -1   -1   -1   -1
   -1   -1   -1   -1   -1   -1   -1   -1   -1   -1   -1   -1   -1   -1   -1   -1   -1
    0    0    0    0    0    0    0    0    0    0    0    0    0    0    0    0    0

100011000110001    310001100011000110001100011000110001100011000110001100011000110001
100011000110001   -1   -1   -1   -1   -1   -1   -1   -1   -1   -1   -1   -1   -1   -1
   -1   -1   -1   -1   -1   -1   -1   -1   -1   -1   -1   -1   -1   -1   -1   -1   -1
   -1   -1   -1   -1   -1   -1   -1   -1   -1   -1   -1   -1   -1   -1   -1   -1   -1
   -1   -1   -1   -1   -1   -1   -1   -1   -1   -1   -1   -1   -1   -1   -1   -1   -1
   -1   -1   -1   -1   -1   -1   -1   -1   -1   -1   -1   -1   -1   -1   -1   -1   -1
    0    0    0    0    0    0    0    0    0    0    0    0    0    0    0    0    0

100011000110001    310001100011000110001100011000110001100011000110001100011000110001
10001100011000110001   -1   -1   -1   -1   -1   -1   -1   -1   -1   -1   -1   -1   -1
   -1   -1   -1   -1   -1   -1   -1   -1   -1   -1   -1   -1   -1   -1   -1   -1   -1
   -1   -1   -1   -1   -1   -1   -1   -1   -1   -1   -1   -1   -1   -1   -1   -1   -1
   -1   -1   -1   -1   -1   -1   -1   -1   -1   -1   -1   -1   -1   -1   -1   -1   -1
   -1   -1   -1   -1   -1   -1   -1   -1   -1   -1   -1   -1   -1   -1   -1   -1   -1
    0    0    0    0    0    0    0    0    0    0    0    0    0    0    0    0    0

100011000110001    310001100011000110001100011000110001100011000110001100011000110001
1000110001100011000110001   -1   -1   -1   -1   -1   -1   -1   -1   -1   -1   -1   -1
   -1   -1   -1   -1   -1   -1   -1   -1   -1   -1   -1   -1   -1   -1   -1   -1   -1
   -1   -1   -1   -1   -1   -1   -1   -1   -1   -1   -1   -1   -1   -1   -1   -1   -1
   -1   -1   -1   -1   -1   -1   -1   -1   -1   -1   -1   -1   -1   -1   -1   -1   -1
   -1   -1   -1   -1   -1   -1   -1   -1   -1   -1   -1   -1   -1   -1   -1   -1   -1
    0    0    0    0    0    0    0    0    0    0    0    0    0    0    0    0    0

100011000110001    310001100011000110001100011000110001100011000110001100011000110001
100011000110001100011000110001   -1   -1   -1   -1   -1   -1   -1   -1   -1   -1   -1
   -1   -1   -1   -1   -1   -1   -1   -1   -1   -1   -1   -1   -1   -1   -1   -1   -1
   -1   -1   -1   -1   -1   -1   -1   -1   -1   -1   -1   -1   -1   -1   -1   -1   -1
   -1   -1   -1   -1   -1   -1   -1   -1   -1   -1   -1   -1   -1   -1   -1   -1   -1
   -1   -1   -1   -1   -1   -1   -1   -1   -1   -1   -1   -1   -1   -1   -1   -1   -1
    0    0    0    0    0    0    0    0    0    0    0    0    0    0    0    0    0

100011000110001    310001100011000110001100011000110001100011000110001100011000110001
10001100011000110001100011000110001   -1   -1   -1   -1   -1   -1   -1   -1   -1   -1
   -1   -1   -1   -1   -1   -1   -1   -1   -1   -1   -1   -1   -1   -1   -1   -1   -1
   -1   -1   -1   -1   -1   -1   -1   -1   -1   -1   -1   -1   -1   -1   -1   -1   -1
   -1   -1   -1   -1   -1   -1   -1   -1   -1   -1   -1   -1   -1   -1   -1   -1   -1
   -1   -1   -1   -1   -1   -1   -1   -1   -1   -1   -1   -1   -1   -1   -1   -1   -1
    0    0    0    0    0    0    0    0    0    0    0    0    0    0    0    0    0

100011000110001    310001100011000110001100011000110001100011000110001100011000110001
10001100011000110001100011000110001    7   -1   -1   -1   -1   -1   -1   -1   -1   -1
   -1   -1   -1   -1   -1   -1   -1   -1   -1   -1   -1   -1   -1   -1   -1   -1   -1
   -1   -1   -1   -1   -1   -1   -1   -1   -1   -1   -1   -1   -1   -1   -1   -1   -1
   -1   -1   -1   -1   -1   -1   -1   -1   -1   -1   -1   -1   -1   -1   -1   -1   -1
   -1   -1   -1   -1   -1   -1   -1   -1   -1   -1   -1   -1   -1   -1   -1   -1   -1
    0    0    0    0    0    0    0    0    0    0    0    0    0    0    0    0    0

100011000110001    310001100011000110001100011000110001100011000110001100011000110001
10001100011000110001100011000110001    710001   -1   -1   -1   -1   -1   -1   -1   -1
   -1   -1   -1   -1   -1   -1   -1   -1   -1   -1   -1   -1   -1   -1   -1   -1   -1
   -1   -1   -1   -1   -1   -1   -1   -1   -1   -1   -1   -1   -1   -1   -1   -1   -1
   -1   -1   -1   -1   -1   -1   -1   -1   -1   -1   -1   -1   -1   -1   -1   -1   -1
   -1   -1   -1   -1   -1   -1   -1   -1   -1   -1   -1   -1   -1   -1   -1   -1   -1
    0    0    0    0    0    0    0    0    0    0    0    0    0    0    0    0    0

100011000110001    310001100011000110001100011000110001100011000110001100011000110001
10001100011000110001100011000110001    71000110001   -1   -1   -1   -1   -1   -1   -1
   -1   -1   -1   -1   -1   -1   -1   -1   -1   -1   -1   -1   -1   -1   -1   -1   -1
   -1   -1   -1   -1   -1   -1   -1   -1   -1   -1   -1   -1   -1   -1   -1   -1   -1
   -1   -1   -1   -1   -1   -1   -1   -1   -1   -1   -1   -1   -1   -1   -1   -1   -1
   -1   -1   -1   -1   -1   -1   -1   -1   -1   -1   -1   -1   -1   -1   -1   -1   -1
    0    0    0    0    0    0    0    0    0    0    0    0    0    0    0    0    0

100011000110001    310001100011000110001100011000110001100011000110001100011000110001
10001100011000110001100011000110001    7100011000110001   -1   -1   -1   -1   -1   -1
   -1   -1   -1   -1   -1   -1   -1   -1   -1   -1   -1   -1   -1   -1   -1   -1   -1
   -1   -1   -1   -1   -1   -1   -1   -1   -1   -1   -1   -1   -1   -1   -1   -1   -1
   -1   -1   -1   -1   -1   -1   -1   -1   -1   -1   -1   -1   -1   -1   -1   -1   -1
   -1   -1   -1   -1   -1   -1   -1   -1   -1   -1   -1   -1   -1   -1   -1   -1   -1
    0    0    0    0    0    0    0    0    0    0    0    0    0    0    0    0    0

100011000110001    310001100011000110001100011000110001100011000110001100011000110001
10001100011000110001100011000110001    710001100011000110001   -1   -1   -1   -1   -1
   -1   -1   -1   -1   -1   -1   -1   -1   -1   -1   -1   -1   -1   -1   -1   -1   -1
   -1   -1   -1   -1   -1   -1   -1   -1   -1   -1   -1   -1   -1   -1   -1   -1   -1
   -1   -1   -1   -1   -1   -1   -1   -1   -1   -1   -1   -1   -1   -1   -1   -1   -1
   -1   -1   -1   -1   -1   -1   -1   -1   -1   -1   -1   -1   -1   -1   -1   -1   -1
    0    0    0    0    0    0    0    0    0    0    0    0    0    0    0    0    0

100011000110001    310001100011000110001100011000110001100011000110001100011000110001
10001100011000110001100011000110001    71000110001100011000110001   -1   -1   -1   -1
   -1   -1   -1   -1   -1   -1   -1   -1   -1   -1   -1   -1   -1   -1   -1   -1   -1
   -1   -1   -1   -1   -1   -1   -1   -1   -1   -1   -1   -1   -1   -1   -1   -1   -1
   -1   -1   -1   -1   -1   -1   -1   -1   -1   -1   -1   -1   -1   -1   -1   -1   -1
   -1   -1   -1   -1   -1   -1   -1   -1   -1   -1   -1   -1   -1   -1   -1   -1   -1
    0    0    0    0    0    0    0    0    0    0    0    0    0    0    0    0    0

100011000110001    310001100011000110001100011000110001100011000110001100011000110001
10001100011000110001100011000110001    7100011000110001100011000110001   -1   -1   -1
   -1   -1   -1   -1   -1   -1   -1   -1   -1   -1   -1   -1   -1   -1   -1   -1   -1
   -1   -1   -1   -1   -1   -1   -1   -1   -1   -1   -1   -1   -1   -1   -1   -1   -1
   -1   -1   -1   -1   -1   -1   -1   -1   -1   -1   -1   -1   -1   -1   -1   -1   -1
   -1   -1   -1   -1   -1   -1   -1   -1   -1   -1   -1   -1   -1   -1   -1   -1   -1
    0    0    0    0    0    0    0    0    0    0    0    0    0    0    0    0    0

100011000110001    310001100011000110001100011000110001100011000110001100011000110001
10001100011000110001100011000110001    710001100011000110001100011000110001   -1   -1
   -1   -1   -1   -1   -1   -1   -1   -1   -1   -1   -1   -1   -1   -1   -1   -1   -1
   -1   -1   -1   -1   -1   -1   -1   -1   -1   -1   -1   -1   -1   -1   -1   -1   -1
   -1   -1   -1   -1   -1   -1   -1   -1   -1   -1   -1   -1   -1   -1   -1   -1   -1
   -1   -1   -1   -1   -1   -1   -1   -1   -1   -1   -1   -1   -1   -1   -1   -1   -1
    0    0    0    0    0    0    0    0    0    0    0    0    0    0    0    0    0

100011000110001    310001100011000110001100011000110001100011000110001100011000110001
10001100011000110001100011000110001    71000110001100011000110001100011000110001   -1
   -1   -1   -1   -1   -1   -1   -1   -1   -1   -1   -1   -1   -1   -1   -1   -1   -1
   -1   -1   -1   -1   -1   -1   -1   -1   -1   -1   -1   -1   -1   -1   -1   -1   -1
   -1   -1   -1   -1   -1   -1   -1   -1   -1   -1   -1   -1   -1   -1   -1   -1   -1
   -1   -1   -1   -1   -1   -1   -1   -1   -1   -1   -1   -1   -1   -1   -1   -1   -1
    0    0    0    0    0    0    0    0    0    0    0    0    0    0    0    0    0

100011000110001    310001100011000110001100011000110001100011000110001100011000110001
10001100011000110001100011000110001    7100011000110001100011000110001100011000110001
   -1   -1   -1   -1   -1   -1   -1   -1   -1   -1   -1   -1   -1   -1   -1   -1   -1
   -1   -1   -1   -1   -1   -1   -1   -1   -1   -1   -1   -1   -1   -1   -1   -1   -1
   -1   -1   -1   -1   -1   -1   -1   -1   -1   -1   -1   -1   -1   -1   -1   -1   -1
   -1   -1   -1   -1   -1   -1   -1   -1   -1   -1   -1   -1   -1   -1   -1   -1   -1
    0    0    0    0    0    0    0    0    0    0    0    0    0    0    0    0    0

100011000110001    310001100011000110001100011000110001100011000110001100011000110001
10001100011000110001100011000110001    7100011000110001100011000110001100011000110001
10001   -1   -1   -1   -1   -1   -1   -1   -1   -1   -1   -1   -1   -1   -1   -1   -1
   -1   -1   -1   -1   -1   -1   -1   -1   -1   -1   -1   -1   -1   -1   -1   -1   -1
   -1   -1   -1   -1   -1   -1   -1   -1   -1   -1   -1   -1   -1   -1   -1   -1   -1
   -1   -1   -1   -1   -1   -1   -1   -1   -1   -1   -1   -1   -1   -1   -1   -1   -1
    0    0    0    0    0    0    0    0    0    0    0    0    0    0    0    0    0

100011000110001    310001100011000110001100011000110001100011000110001100011000110001
10001100011000110001100011000110001    7100011000110001100011000110001100011000110001
1000110001   -1   -1   -1   -1   -1   -1   -1   -1   -1   -1   -1   -1   -1   -1   -1
   -1   -1   -1   -1   -1   -1   -1   -1   -1   -1   -1   -1   -1   -1   -1   -1   -1
   -1   -1   -1   -1   -1   -1   -1   -1   -1   -1   -1   -1   -1   -1   -1   -1   -1
   -1   -1   -1   -1   -1   -1   -1   -1   -1   -1   -1   -1   -1   -1   -1   -1   -1
    0    0    0    0    0    0    0    0    0    0    0    0    0    0    0    0    0

100011000110001    310001100011000110001100011000110001100011000110001100011000110001
10001100011000110001100011000110001    7100011000110001100011000110001100011000110001
100011000110001   -1   -1   -1   -1   -1   -1   -1   -1   -1   -1   -1   -1   -1   -1
   -1   -1   -1   -1   -1   -1   -1   -1   -1   -1   -1   -1   -1   -1   -1   -1   -1
   -1   -1   -1   -1   -1   -1   -1   -1   -1   -1   -1   -1   -1   -1   -1   -1   -1
   -1   -1   -1   -1   -1   -1   -1   -1   -1   -1   -1   -1   -1   -1   -1   -1   -1
    0    0    0    0    0    0    0    0    0    0    0    0    0    0    0    0    0

100011000110001    310001100011000110001100011000110001100011000110001100011000110001
10001100011000110001100011000110001    7100011000110001100011000110001100011000110001
10001100011000110001   -1   -1   -1   -1   -1   -1   -1   -1   -1   -1   -1   -1   -1
   -1   -1   -1   -1   -1   -1   -1   -1   -1   -1   -1   -1   -1   -1   -1   -1   -1
   -1   -1   -1   -1   -1   -1   -1   -1   -1   -1   -1   -1   -1   -1   -1   -1   -1
   -1   -1   -1   -1   -1   -1   -1   -1   -1   -1   -1   -1   -1   -1   -1   -1   -1
    0    0    0    0    0    0    0    0    0    0    0    0    0    0    0    0    0

100011000110001    310001100011000110001100011000110001100011000110001100011000110001
10001100011000110001100011000110001    7100011000110001100011000110001100011000110001
1000110001100011000110001   -1   -1   -1   -1   -1   -1   -1   -1   -1   -1   -1   -1
   -1   -1   -1   -1   -1   -1   -1   -1   -1   -1   -1   -1   -1   -1   -1   -1   -1
   -1   -1   -1   -1   -1   -1   -1   -1   -1   -1   -1   -1   -1   -1   -1   -1   -1
   -1   -1   -1   -1   -1   -1   -1   -1   -1   -1   -1   -1   -1   -1   -1   -1   -1
    0    0    0    0    0    0    0    0    0    0    0    0    0    0    0    0    0

100011000110001    310001100011000110001100011000110001100011000110001100011000110001
10001100011000110001100011000110001    7100011000110001100011000110001100011000110001
1000110001100011000110001    7   -1   -1   -1   -1   -1   -1   -1   -1   -1   -1   -1
   -1   -1   -1   -1   -1   -1   -1   -1   -1   -1   -1   -1   -1   -1   -1   -1   -1
   -1   -1   -1   -1   -1   -1   -1   -1   -1   -1   -1   -1   -1   -1   -1   -1   -1
   -1   -1   -1   -1   -1   -1   -1   -1   -1   -1   -1   -1   -1   -1   -1   -1   -1
    0    0    0    0    0    0    0    0    0    0    0    0    0    0    0    0    0

100011000110001    310001100011000110001100011000110001100011000110001100011000110001
10001100011000110001100011000110001    7100011000110001100011000110001100011000110001
1000110001100011000110001    710001   -1   -1   -1   -1   -1   -1   -1   -1   -1   -1
   -1   -1   -1   -1   -1   -1   -1   -1   -1   -1   -1   -1   -1   -1   -1   -1   -1
   -1   -1   -1   -1   -1   -1   -1   -1   -1   -1   -1   -1   -1   -1   -1   -1   -1
   -1   -1   -1   -1   -1   -1   -1   -1   -1   -1   -1   -1   -1   -1   -1   -1   -1
    0    0    0    0    0    0    0    0    0    0    0    0    0    0    0    0    0

100011000110001    310001100011000110001100011000110001100011000110001100011000110001
10001100011000110001100011000110001    7100011000110001100011000110001100011000110001
1000110001100011000110001    71000110001   -1   -1   -1   -1   -1   -1   -1   -1   -1
   -1   -1   -1   -1   -1   -1   -1   -1   -1   -1   -1   -1   -1   -1   -1   -1   -1
   -1   -1   -1   -1   -1   -1   -1   -1   -1   -1   -1   -1   -1   -1   -1   -1   -1
   -1   -1   -1   -1   -1   -1   -1   -1   -1   -1   -1   -1   -1   -1   -1   -1   -1
    0    0    0    0    0    0    0    0    0    0    0    0    0    0    0    0    0

100011000110001    310001100011000110001100011000110001100011000110001100011000110001
10001100011000110001100011000110001    7100011000110001100011000110001100011000110001
1000110001100011000110001    7100011000110001   -1   -1   -1   -1   -1   -1   -1   -1
   -1   -1   -1   -1   -1   -1   -1   -1   -1   -1   -1   -1   -1   -1   -1   -1   -1
   -1   -1   -1   -1   -1   -1   -1   -1   -1   -1   -1   -1   -1   -1   -1   -1   -1
   -1   -1   -1   -1   -1   -1   -1   -1   -1   -1   -1   -1   -1   -1   -1   -1   -1
    0    0    0    0    0    0    0    0    0    0    0    0    0    0    0    0    0

100011000110001    310001100011000110001100011000110001100011000110001100011000110001
10001100011000110001100011000110001    7100011000110001100011000110001100011000110001
1000110001100011000110001    7100011000110001    9   -1   -1   -1   -1   -1   -1   -1
   -1   -1   -1   -1   -1   -1   -1   -1   -1   -1   -1   -1   -1   -1   -1   -1   -1
   -1   -1   -1   -1   -1   -1   -1   -1   -1   -1   -1   -1   -1   -1   -1   -1   -1
   -1   -1   -1   -1   -1   -1   -1   -1   -1   -1   -1   -1   -1   -1   -1   -1   -1
    0    0    0    0    0    0    0    0    0    0    0    0    0    0    0    0    0

100011000110001    310001100011000110001100011000110001100011000110001100011000110001
10001100011000110001100011000110001    7100011000110001100011000110001100011000110001
1000110001100011000110001    7100011000110001    910001   -1   -1   -1   -1   -1   -1
   -1   -1   -1   -1   -1   -1   -1   -1   -1   -1   -1   -1   -1   -1   -1   -1   -1
   -1   -1   -1   -1   -1   -1   -1   -1   -1   -1   -1   -1   -1   -1   -1   -1   -1
   -1   -1   -1   -1   -1   -1   -1   -1   -1   -1   -1   -1   -1   -1   -1   -1   -1
    0    0    0    0    0    0    0    0    0    0    0    0    0    0    0    0    0

100011000110001    310001100011000110001100011000110001100011000110001100011000110001
10001100011000110001100011000110001    7100011000110001100011000110001100011000110001
1000110001100011000110001    7100011000110001    91000110001   -1   -1   -1   -1   -1
   -1   -1   -1   -1   -1   -1   -1   -1   -1   -1   -1   -1   -1   -1   -1   -1   -1
   -1   -1   -1   -1   -1   -1   -1   -1   -1   -1   -1   -1   -1   -1   -1   -1   -1
   -1   -1   -1   -1   -1   -1   -1   -1   -1   -1   -1   -1   -1   -1   -1   -1   -1
    0    0    0    0    0    0    0    0    0    0    0    0    0    0    0    0    0

100011000110001    310001100011000110001100011000110001100011000110001100011000110001
10001100011000110001100011000110001    7100011000110001100011000110001100011000110001
1000110001100011000110001    7100011000110001    9100011000110001   -1   -1   -1   -1
   -1   -1   -1   -1   -1   -1   -1   -1   -1   -1   -1   -1   -1   -1   -1   -1   -1
   -1   -1   -1   -1   -1   -1   -1   -1   -1   -1   -1   -1   -1   -1   -1   -1   -1
   -1   -1   -1   -1   -1   -1   -1   -1   -1   -1   -1   -1   -1   -1   -1   -1   -1
    0    0    0    0    0    0    0    0    0    0    0    0    0    0    0    0    0

100011000110001    310001100011000110001100011000110001100011000110001100011000110001
10001100011000110001100011000110001    7100011000110001100011000110001100011000110001
1000110001100011000110001    7100011000110001    910001100011000110001   -1   -1   -1
   -1   -1   -1   -1   -1   -1   -1   -1   -1   -1   -1   -1   -1   -1   -1   -1   -1
   -1   -1   -1   -1   -1   -1   -1   -1   -1   -1   -1   -1   -1   -1   -1   -1   -1
   -1   -1   -1   -1   -1   -1   -1   -1   -1   -1   -1   -1   -1   -1   -1   -1   -1
    0    0    0    0    0    0    0    0    0    0    0    0    0    0    0    0    0

100011000110001    310001100011000110001100011000110001100011000110001100011000110001
10001100011000110001100011000110001    7100011000110001100011000110001100011000110001
1000110001100011000110001    7100011000110001    91000110001100011000110001   -1   -1
   -1   -1   -1   -1   -1   -1   -1   -1   -1   -1   -1   -1   -1   -1   -1   -1   -1
   -1   -1   -1   -1   -1   -1   -1   -1   -1   -1   -1   -1   -1   -1   -1   -1   -1
   -1   -1   -1   -1   -1   -1   -1   -1   -1   -1   -1   -1   -1   -1   -1   -1   -1
    0    0    0    0    0    0    0    0    0    0    0    0    0    0    0    0    0

100011000110001    310001100011000110001100011000110001100011000110001100011000110001
10001100011000110001100011000110001    7100011000110001100011000110001100011000110001
1000110001100011000110001    7100011000110001    9100011000110001100011000110001   -1
   -1   -1   -1   -1   -1   -1   -1   -1   -1   -1   -1   -1   -1   -1   -1   -1   -1
   -1   -1   -1   -1   -1   -1   -1   -1   -1   -1   -1   -1   -1   -1   -1   -1   -1
   -1   -1   -1   -1   -1   -1   -1   -1   -1   -1   -1   -1   -1   -1   -1   -1   -1
    0    0    0    0    0    0    0    0    0    0    0    0    0    0    0    0    0

100011000110001    310001100011000110001100011000110001100011000110001100011000110001
10001100011000110001100011000110001    7100011000110001100011000110001100011000110001
1000110001100011000110001    7100011000110001    910001100011000110001100011000110001
   -1   -1   -1   -1   -1   -1   -1   -1   -1   -1   -1   -1   -1   -1   -1   -1   -1
   -1   -1   -1   -1   -1   -1   -1   -1   -1   -1   -1   -1   -1   -1   -1   -1   -1
   -1   -1   -1   -1   -1   -1   -1   -1   -1   -1   -1   -1   -1   -1   -1   -1   -1
    0    0    0    0    0    0    0    0    0    0    0    0    0    0    0    0    0

100011000110001    310001100011000110001100011000110001100011000110001100011000110001
10001100011000110001100011000110001    7100011000110001100011000110001100011000110001
1000110001100011000110001    7100011000110001    910001100011000110001100011000110001
10001   -1   -1   -1   -1   -1   -1   -1   -1   -1   -1   -1   -1   -1   -1   -1   -1
   -1   -1   -1   -1   -1   -1   -1   -1   -1   -1   -1   -1   -1   -1   -1   -1   -1
   -1   -1   -1   -1   -1   -1   -1   -1   -1   -1   -1   -1   -1   -1   -1   -1   -1
    0    0    0    0    0    0    0    0    0    0    0    0    0    0    0    0    0

100011000110001    310001100011000110001100011000110001100011000110001100011000110001
10001100011000110001100011000110001    7100011000110001100011000110001100011000110001
1000110001100011000110001    7100011000110001    910001100011000110001100011000110001
1000110001   -1   -1   -1   -1   -1   -1   -1   -1   -1   -1   -1   -1   -1   -1   -1
   -1   -1   -1   -1   -1   -1   -1   -1   -1   -1   -1   -1   -1   -1   -1   -1   -1
   -1   -1   -1   -1   -1   -1   -1   -1   -1   -1   -1   -1   -1   -1   -1   -1   -1
    0    0    0    0    0    0    0    0    0    0    0    0    0    0    0    0    0

100011000110001    310001100011000110001100011000110001100011000110001100011000110001
10001100011000110001100011000110001    7100011000110001100011000110001100011000110001
1000110001100011000110001    7100011000110001    910001100011000110001100011000110001
100011000110001   -1   -1   -1   -1   -1   -1   -1   -1   -1   -1   -1   -1   -1   -1
   -1   -1   -1   -1   -1   -1   -1   -1   -1   -1   -1   -1   -1   -1   -1   -1   -1
   -1   -1   -1   -1   -1   -1   -1   -1   -1   -1   -1   -1   -1   -1   -1   -1   -1
    0    0    0    0    0    0    0    0    0    0    0    0    0    0    0    0    0

100011000110001    310001100011000110001100011000110001100011000110001100011000110001
10001100011000110001100011000110001    7100011000110001100011000110001100011000110001
1000110001100011000110001    7100011000110001    910001100011000110001100011000110001
10001100011000110001   -1   -1   -1   -1   -1   -1   -1   -1   -1   -1   -1   -1   -1
   -1   -1   -1   -1   -1   -1   -1   -1   -1   -1   -1   -1   -1   -1   -1   -1   -1
   -1   -1   -1   -1   -1   -1   -1   -1   -1   -1   -1   -1   -1   -1   -1   -1   -1
    0    0    0    0    0    0    0    0    0    0    0    0    0    0    0    0    0

100011000110001    310001100011000110001100011000110001100011000110001100011000110001
10001100011000110001100011000110001    7100011000110001100011000110001100011000110001
1000110001100011000110001    7100011000110001    910001100011000110001100011000110001
10001100011000110001    7   -1   -1   -1   -1   -1   -1   -1   -1   -1   -1   -1   -1
   -1   -1   -1   -1   -1   -1   -1   -1   -1   -1   -1   -1   -1   -1   -1   -1   -1
   -1   -1   -1   -1   -1   -1   -1   -1   -1   -1   -1   -1   -1   -1   -1   -1   -1
    0    0    0    0    0    0    0    0    0    0    0    0    0    0    0    0    0

100011000110001    310001100011000110001100011000110001100011000110001100011000110001
10001100011000110001100011000110001    7100011000110001100011000110001100011000110001
1000110001100011000110001    7100011000110001    910001100011000110001100011000110001
10001100011000110001    710001   -1   -1   -1   -1   -1   -1   -1   -1   -1   -1   -1
   -1   -1   -1   -1   -1   -1   -1   -1   -1   -1   -1   -1   -1   -1   -1   -1   -1
   -1   -1   -1   -1   -1   -1   -1   -1   -1   -1   -1   -1   -1   -1   -1   -1   -1
    0    0    0    0    0    0    0    0    0    0    0    0    0    0    0    0    0

100011000110001    310001100011000110001100011000110001100011000110001100011000110001
10001100011000110001100011000110001    7100011000110001100011000110001100011000110001
1000110001100011000110001    7100011000110001    910001100011000110001100011000110001
10001100011000110001    710001    7   -1   -1   -1   -1   -1   -1   -1   -1   -1   -1
   -1   -1   -1   -1   -1   -1   -1   -1   -1   -1   -1   -1   -1   -1   -1   -1   -1
   -1   -1   -1   -1   -1   -1   -1   -1   -1   -1   -1   -1   -1   -1   -1   -1   -1
    0    0    0    0    0    0    0    0    0    0    0    0    0    0    0    0    0

100011000110001    310001100011000110001100011000110001100011000110001100011000110001
10001100011000110001100011000110001    7100011000110001100011000110001100011000110001
1000110001100011000110001    7100011000110001    910001100011000110001100011000110001
10001100011000110001    710001    710001   -1   -1   -1   -1   -1   -1   -1   -1   -1
   -1   -1   -1   -1   -1   -1   -1   -1   -1   -1   -1   -1   -1   -1   -1   -1   -1
   -1   -1   -1   -1   -1   -1   -1   -1   -1   -1   -1   -1   -1   -1   -1   -1   -1
    0    0    0    0    0    0    0    0    0    0    0    0    0    0    0    0    0

100011000110001    310001100011000110001100011000110001100011000110001100011000110001
10001100011000110001100011000110001    7100011000110001100011000110001100011000110001
1000110001100011000110001    7100011000110001    910001100011000110001100011000110001
10001100011000110001    710001    710001    9   -1   -1   -1   -1   -1   -1   -1   -1
   -1   -1   -1   -1   -1   -1   -1   -1   -1   -1   -1   -1   -1   -1   -1   -1   -1
   -1   -1   -1   -1   -1   -1   -1   -1   -1   -1   -1   -1   -1   -1   -1   -1   -1
    0    0    0    0    0    0    0    0    0    0    0    0    0    0    0    0    0

100011000110001    310001100011000110001100011000110001100011000110001100011000110001
10001100011000110001100011000110001    7100011000110001100011000110001100011000110001
1000110001100011000110001    7100011000110001    910001100011000110001100011000110001
10001100011000110001    710001    710001    910001   -1   -1   -1   -1   -1   -1   -1
   -1   -1   -1   -1   -1   -1   -1   -1   -1   -1   -1   -1   -1   -1   -1   -1   -1
   -1   -1   -1   -1   -1   -1   -1   -1   -1   -1   -1   -1   -1   -1   -1   -1   -1
    0    0    0    0    0    0    0    0    0    0    0    0    0    0    0    0    0

100011000110001    310001100011000110001100011000110001100011000110001100011000110001
10001100011000110001100011000110001    7100011000110001100011000110001100011000110001
1000110001100011000110001    7100011000110001    910001100011000110001100011000110001
10001100011000110001    710001    710001    910001   10   -1   -1   -1   -1   -1   -1
   -1   -1   -1   -1   -1   -1   -1   -1   -1   -1   -1   -1   -1   -1   -1   -1   -1
   -1   -1   -1   -1   -1   -1   -1   -1   -1   -1   -1   -1   -1   -1   -1   -1   -1
    0    0    0    0    0    0    0    0    0    0    0    0    0    0    0    0    0

100011000110001    310001100011000110001100011000110001100011000110001100011000110001
10001100011000110001100011000110001    7100011000110001100011000110001100011000110001
1000110001100011000110001    7100011000110001    910001100011000110001100011000110001
10001100011000110001    710001    710001    910001   1010001   -1   -1   -1   -1   -1
   -1   -1   -1   -1   -1   -1   -1   -1   -1   -1   -1   -1   -1   -1   -1   -1   -1
   -1   -1   -1   -1   -1   -1   -1   -1   -1   -1   -1   -1   -1   -1   -1   -1   -1
    0    0    0    0    0    0    0    0    0    0    0    0    0    0    0    0    0

100011000110001    310001100011000110001100011000110001100011000110001100011000110001
10001100011000110001100011000110001    7100011000110001100011000110001100011000110001
1000110001100011000110001    7100011000110001    910001100011000110001100011000110001
10001100011000110001    710001    710001    910001   101000110001   -1   -1   -1   -1
   -1   -1   -1   -1   -1   -1   -1   -1   -1   -1   -1   -1   -1   -1   -1   -1   -1
   -1   -1   -1   -1   -1   -1   -1   -1   -1   -1   -1   -1   -1   -1   -1   -1   -1
    0    0    0    0    0    0    0    0    0    0    0    0    0    0    0    0    0

100011000110001    310001100011000110001100011000110001100011000110001100011000110001
10001100011000110001100011000110001    7100011000110001100011000110001100011000110001
1000110001100011000110001    7100011000110001    910001100011000110001100011000110001
10001100011000110001    710001    710001    910001   10100011000110001   -1   -1   -1
   -1   -1   -1   -1   -1   -1   -1   -1   -1   -1   -1   -1   -1   -1   -1   -1   -1
   -1   -1   -1   -1   -1   -1   -1   -1   -1   -1   -1   -1   -1   -1   -1   -1   -1
    0    0    0    0    0    0    0    0    0    0    0    0    0    0    0    0    0

100011000110001    310001100011000110001100011000110001100011000110001100011000110001
10001100011000110001100011000110001    7100011000110001100011000110001100011000110001
1000110001100011000110001    7100011000110001    910001100011000110001100011000110001
10001100011000110001    710001    710001    910001   1010001100011000110001   -1   -1
   -1   -1   -1   -1   -1   -1   -1   -1   -1   -1   -1   -1   -1   -1   -1   -1   -1
   -1   -1   -1   -1   -1   -1   -1   -1   -1   -1   -1   -1   -1   -1   -1   -1   -1
    0    0    0    0    0    0    0    0    0    0    0    0    0    0    0    0    0

100011000110001    310001100011000110001100011000110001100011000110001100011000110001
10001100011000110001100011000110001    7100011000110001100011000110001100011000110001
1000110001100011000110001    7100011000110001    910001100011000110001100011000110001
10001100011000110001    710001    710001    910001   101000110001100011000110001   -1
   -1   -1   -1   -1   -1   -1   -1   -1   -1   -1   -1   -1   -1   -1   -1   -1   -1
   -1   -1   -1   -1   -1   -1   -1   -1   -1   -1   -1   -1   -1   -1   -1   -1   -1
    0    0    0    0    0    0    0    0    0    0    0    0    0    0    0    0    0

100011000110001    310001100011000110001100011000110001100011000110001100011000110001
10001100011000110001100011000110001    7100011000110001100011000110001100011000110001
1000110001100011000110001    7100011000110001    910001100011000110001100011000110001
10001100011000110001    710001    710001    910001   10100011000110001100011000110001
   -1   -1   -1   -1   -1   -1   -1   -1   -1   -1   -1   -1   -1   -1   -1   -1   -1
   -1   -1   -1   -1   -1   -1   -1   -1   -1   -1   -1   -1   -1   -1   -1   -1   -1
    0    0    0    0    0    0    0    0    0    0    0    0    0    0    0    0    0

100011000110001    310001100011000110001100011000110001100011000110001100011000110001
10001100011000110001100011000110001    7100011000110001100011000110001100011000110001
1000110001100011000110001    7100011000110001    910001100011000110001100011000110001
10001100011000110001    710001    710001    910001   10100011000110001100011000110001
    7   -1   -1   -1   -1   -1   -1   -1   -1   -1   -1   -1   -1   -1   -1   -1   -1
   -1   -1   -1   -1   -1   -1   -1   -1   -1   -1   -1   -1   -1   -1   -1   -1   -1
    0    0    0    0    0    0    0    0    0    0    0    0    0    0    0    0    0

100011000110001    310001100011000110001100011000110001100011000110001100011000110001
10001100011000110001100011000110001    7100011000110001100011000110001100011000110001
1000110001100011000110001    7100011000110001    910001100011000110001100011000110001
10001100011000110001    710001    710001    910001   10100011000110001100011000110001
    710001   -1   -1   -1   -1   -1   -1   -1   -1   -1   -1   -1   -1   -1   -1   -1
   -1   -1   -1   -1   -1   -1   -1   -1   -1   -1   -1   -1   -1   -1   -1   -1   -1
    0    0    0    0    0    0    0    0    0    0    0    0    0    0    0    0    0

100011000110001    310001100011000110001100011000110001100011000110001100011000110001
10001100011000110001100011000110001    7100011000110001100011000110001100011000110001
1000110001100011000110001    7100011000110001    910001100011000110001100011000110001
10001100011000110001    710001    710001    910001   10100011000110001100011000110001
    710001    9   -1   -1   -1   -1   -1   -1   -1   -1   -1   -1   -1   -1   -1   -1
   -1   -1   -1   -1   -1   -1   -1   -1   -1   -1   -1   -1   -1   -1   -1   -1   -1
    0    0    0    0    0    0    0    0    0    0    0    0    0    0    0    0    0

100011000110001    310001100011000110001100011000110001100011000110001100011000110001
10001100011000110001100011000110001    7100011000110001100011000110001100011000110001
1000110001100011000110001    7100011000110001    910001100011000110001100011000110001
10001100011000110001    710001    710001    910001   10100011000110001100011000110001
    710001    910001   -1   -1   -1   -1   -1   -1   -1   -1   -1   -1   -1   -1   -1
   -1   -1   -1   -1   -1   -1   -1   -1   -1   -1   -1   -1   -1   -1   -1   -1   -1
    0    0    0    0    0    0    0    0    0    0    0    0    0    0    0    0    0

100011000110001    310001100011000110001100011000110001100011000110001100011000110001
10001100011000110001100011000110001    7100011000110001100011000110001100011000110001
1000110001100011000110001    7100011000110001    910001100011000110001100011000110001
10001100011000110001    710001    710001    910001   10100011000110001100011000110001
    710001    910001   10   -1   -1   -1   -1   -1   -1   -1   -1   -1   -1   -1   -1
   -1   -1   -1   -1   -1   -1   -1   -1   -1   -1   -1   -1   -1   -1   -1   -1   -1
    0    0    0    0    0    0    0    0    0    0    0    0    0    0    0    0    0

100011000110001    310001100011000110001100011000110001100011000110001100011000110001
10001100011000110001100011000110001    7100011000110001100011000110001100011000110001
1000110001100011000110001    7100011000110001    910001100011000110001100011000110001
10001100011000110001    710001    710001    910001   10100011000110001100011000110001
    710001    910001   1010001   -1   -1   -1   -1   -1   -1   -1   -1   -1   -1   -1
   -1   -1   -1   -1   -1   -1   -1   -1   -1   -1   -1   -1   -1   -1   -1   -1   -1
    0    0    0    0    0    0    0    0    0    0    0    0    0    0    0    0    0

100011000110001    310001100011000110001100011000110001100011000110001100011000110001
10001100011000110001100011000110001    7100011000110001100011000110001100011000110001
1000110001100011000110001    7100011000110001    910001100011000110001100011000110001
10001100011000110001    710001    710001    910001   10100011000110001100011000110001
    710001    910001   101000110001   -1   -1   -1   -1   -1   -1   -1   -1   -1   -1
   -1   -1   -1   -1   -1   -1   -1   -1   -1   -1   -1   -1   -1   -1   -1   -1   -1
    0    0    0    0    0    0    0    0    0    0    0    0    0    0    0    0    0

100011000110001    310001100011000110001100011000110001100011000110001100011000110001
10001100011000110001100011000110001    7100011000110001100011000110001100011000110001
1000110001100011000110001    7100011000110001    910001100011000110001100011000110001
10001100011000110001    710001    710001    910001   10100011000110001100011000110001
    710001    910001   10100011000110001   -1   -1   -1   -1   -1   -1   -1   -1   -1
   -1   -1   -1   -1   -1   -1   -1   -1   -1   -1   -1   -1   -1   -1   -1   -1   -1
    0    0    0    0    0    0    0    0    0    0    0    0    0    0    0    0    0

100011000110001    310001100011000110001100011000110001100011000110001100011000110001
10001100011000110001100011000110001    7100011000110001100011000110001100011000110001
1000110001100011000110001    7100011000110001    910001100011000110001100011000110001
10001100011000110001    710001    710001    910001   10100011000110001100011000110001
    710001    910001   1010001100011000110001   -1   -1   -1   -1   -1   -1   -1   -1
   -1   -1   -1   -1   -1   -1   -1   -1   -1   -1   -1   -1   -1   -1   -1   -1   -1
    0    0    0    0    0    0    0    0    0    0    0    0    0    0    0    0    0

100011000110001    310001100011000110001100011000110001100011000110001100011000110001
10001100011000110001100011000110001    7100011000110001100011000110001100011000110001
1000110001100011000110001    7100011000110001    910001100011000110001100011000110001
10001100011000110001    710001    710001    910001   10100011000110001100011000110001
    710001    910001   101000110001100011000110001   -1   -1   -1   -1   -1   -1   -1
   -1   -1   -1   -1   -1   -1   -1   -1   -1   -1   -1   -1   -1   -1   -1   -1   -1
    0    0    0    0    0    0    0    0    0    0    0    0    0    0    0    0    0

100011000110001    310001100011000110001100011000110001100011000110001100011000110001
10001100011000110001100011000110001    7100011000110001100011000110001100011000110001
1000110001100011000110001    7100011000110001    910001100011000110001100011000110001
10001100011000110001    710001    710001    910001   10100011000110001100011000110001
    710001    910001   101000110001100011000110001   10   -1   -1   -1   -1   -1   -1
   -1   -1   -1   -1   -1   -1   -1   -1   -1   -1   -1   -1   -1   -1   -1   -1   -1
    0    0    0    0    0    0    0    0    0    0    0    0    0    0    0    0    0

100011000110001    310001100011000110001100011000110001100011000110001100011000110001
10001100011000110001100011000110001    7100011000110001100011000110001100011000110001
1000110001100011000110001    7100011000110001    910001100011000110001100011000110001
10001100011000110001    710001    710001    910001   10100011000110001100011000110001
    710001    910001   101000110001100011000110001   1010001   -1   -1   -1   -1   -1
   -1   -1   -1   -1   -1   -1   -1   -1   -1   -1   -1   -1   -1   -1   -1   -1   -1
    0    0    0    0    0    0    0    0    0    0    0    0    0    0    0    0    0

100011000110001    310001100011000110001100011000110001100011000110001100011000110001
10001100011000110001100011000110001    7100011000110001100011000110001100011000110001
1000110001100011000110001    7100011000110001    910001100011000110001100011000110001
10001100011000110001    710001    710001    910001   10100011000110001100011000110001
    710001    910001   101000110001100011000110001   1010001   12   -1   -1   -1   -1
   -1   -1   -1   -1   -1   -1   -1   -1   -1   -1   -1   -1   -1   -1   -1   -1   -1
    0    0    0    0    0    0    0    0    0    0    0    0    0    0    0    0    0

100011000110001    310001100011000110001100011000110001100011000110001100011000110001
10001100011000110001100011000110001    7100011000110001100011000110001100011000110001
1000110001100011000110001    7100011000110001    910001100011000110001100011000110001
10001100011000110001    710001    710001    910001   10100011000110001100011000110001
    710001    910001   101000110001100011000110001   1010001   1210001   -1   -1   -1
   -1   -1   -1   -1   -1   -1   -1   -1   -1   -1   -1   -1   -1   -1   -1   -1   -1
    0    0    0    0    0    0    0    0    0    0    0    0    0    0    0    0    0

100011000110001    310001100011000110001100011000110001100011000110001100011000110001
10001100011000110001100011000110001    7100011000110001100011000110001100011000110001
1000110001100011000110001    7100011000110001    910001100011000110001100011000110001
10001100011000110001    710001    710001    910001   10100011000110001100011000110001
    710001    910001   101000110001100011000110001   1010001   1210001   14   -1   -1
   -1   -1   -1   -1   -1   -1   -1   -1   -1   -1   -1   -1   -1   -1   -1   -1   -1
    0    0    0    0    0    0    0    0    0    0    0    0    0    0    0    0    0

100011000110001    310001100011000110001100011000110001100011000110001100011000110001
10001100011000110001100011000110001    7100011000110001100011000110001100011000110001
1000110001100011000110001    7100011000110001    910001100011000110001100011000110001
10001100011000110001    710001    710001    910001   10100011000110001100011000110001
    710001    910001   101000110001100011000110001   1010001   1210001   1410001   -1
   -1   -1   -1   -1   -1   -1   -1   -1   -1   -1   -1   -1   -1   -1   -1   -1   -1
    0    0    0    0    0    0    0    0    0    0    0    0    0    0    0    0    0

100011000110001    310001100011000110001100011000110001100011000110001100011000110001
10001100011000110001100011000110001    7100011000110001100011000110001100011000110001
1000110001100011000110001    7100011000110001    910001100011000110001100011000110001
10001100011000110001    710001    710001    910001   10100011000110001100011000110001
    710001    910001   101000110001100011000110001   1010001   1210001   1410001   16
   -1   -1   -1   -1   -1   -1   -1   -1   -1   -1   -1   -1   -1   -1   -1   -1   -1
    0    0    0    0    0    0    0    0    0    0    0    0    0    0    0    0    0

100011000110001    310001100011000110001100011000110001100011000110001100011000110001
10001100011000110001100011000110001    7100011000110001100011000110001100011000110001
1000110001100011000110001    7100011000110001    910001100011000110001100011000110001
10001100011000110001    710001    710001    910001   10100011000110001100011000110001
    710001    910001   101000110001100011000110001   1010001   1210001   1410001   16
   10   -1   -1   -1   -1   -1   -1   -1   -1   -1   -1   -1   -1   -1   -1   -1   -1
    0    0    0    0    0    0    0    0    0    0    0    0    0    0    0    0    0

100011000110001    310001100011000110001100011000110001100011000110001100011000110001
10001100011000110001100011000110001    7100011000110001100011000110001100011000110001
1000110001100011000110001    7100011000110001    910001100011000110001100011000110001
10001100011000110001    710001    710001    910001   10100011000110001100011000110001
    710001    910001   101000110001100011000110001   1010001   1210001   1410001   16
   1010001   -1   -1   -1   -1   -1   -1   -1   -1   -1   -1   -1   -1   -1   -1   -1
    0    0    0    0    0    0    0    0    0    0    0    0    0    0    0    0    0

100011000110001    310001100011000110001100011000110001100011000110001100011000110001
10001100011000110001100011000110001    7100011000110001100011000110001100011000110001
1000110001100011000110001    7100011000110001    910001100011000110001100011000110001
10001100011000110001    710001    710001    910001   10100011000110001100011000110001
    710001    910001   101000110001100011000110001   1010001   1210001   1410001   16
   101000110001   -1   -1   -1   -1   -1   -1   -1   -1   -1   -1   -1   -1   -1   -1
    0    0    0    0    0    0    0    0    0    0    0    0    0    0    0    0    0

100011000110001    310001100011000110001100011000110001100011000110001100011000110001
10001100011000110001100011000110001    7100011000110001100011000110001100011000110001
1000110001100011000110001    7100011000110001    910001100011000110001100011000110001
10001100011000110001    710001    710001    910001   10100011000110001100011000110001
    710001    910001   101000110001100011000110001   1010001   1210001   1410001   16
   10100011000110001   -1   -1   -1   -1   -1   -1   -1   -1   -1   -1   -1   -1   -1
    0    0    0    0    0    0    0    0    0    0    0    0    0    0    0    0    0

100011000110001    310001100011000110001100011000110001100011000110001100011000110001
10001100011000110001100011000110001    7100011000110001100011000110001100011000110001
1000110001100011000110001    7100011000110001    910001100011000110001100011000110001
10001100011000110001    710001    710001    910001   10100011000110001100011000110001
    710001    910001   101000110001100011000110001   1010001   1210001   1410001   16
   10100011000110001    7   -1   -1   -1   -1   -1   -1   -1   -1   -1   -1   -1   -1
    0    0    0    0    0    0    0    0    0    0    0    0    0    0    0    0    0

100011000110001    310001100011000110001100011000110001100011000110001100011000110001
10001100011000110001100011000110001    7100011000110001100011000110001100011000110001
1000110001100011000110001    7100011000110001    910001100011000110001100011000110001
10001100011000110001    710001    710001    910001   10100011000110001100011000110001
    710001    910001   101000110001100011000110001   1010001   1210001   1410001   16
   10100011000110001    710001   -1   -1   -1   -1   -1   -1   -1   -1   -1   -1   -1
    0    0    0    0    0    0    0    0    0    0    0    0    0    0    0    0    0

100011000110001    310001100011000110001100011000110001100011000110001100011000110001
10001100011000110001100011000110001    7100011000110001100011000110001100011000110001
1000110001100011000110001    7100011000110001    910001100011000110001100011000110001
10001100011000110001    710001    710001    910001   10100011000110001100011000110001
    710001    910001   101000110001100011000110001   1010001   1210001   1410001   16
   10100011000110001    710001    9   -1   -1   -1   -1   -1   -1   -1   -1   -1   -1
    0    0    0    0    0    0    0    0    0    0    0    0    0    0    0    0    0

100011000110001    310001100011000110001100011000110001100011000110001100011000110001
10001100011000110001100011000110001    7100011000110001100011000110001100011000110001
1000110001100011000110001    7100011000110001    910001100011000110001100011000110001
10001100011000110001    710001    710001    910001   10100011000110001100011000110001
    710001    910001   101000110001100011000110001   1010001   1210001   1410001   16
   10100011000110001    710001    910001   -1   -1   -1   -1   -1   -1   -1   -1   -1
    0    0    0    0    0    0    0    0    0    0    0    0    0    0    0    0    0

100011000110001    310001100011000110001100011000110001100011000110001100011000110001
10001100011000110001100011000110001    7100011000110001100011000110001100011000110001
1000110001100011000110001    7100011000110001    910001100011000110001100011000110001
10001100011000110001    710001    710001    910001   10100011000110001100011000110001
    710001    910001   101000110001100011000110001   1010001   1210001   1410001   16
   10100011000110001    710001    910001   10   -1   -1   -1   -1   -1   -1   -1   -1
    0    0    0    0    0    0    0    0    0    0    0    0    0    0    0    0    0

100011000110001    310001100011000110001100011000110001100011000110001100011000110001
10001100011000110001100011000110001    7100011000110001100011000110001100011000110001
1000110001100011000110001    7100011000110001    910001100011000110001100011000110001
10001100011000110001    710001    710001    910001   10100011000110001100011000110001
    710001    910001   101000110001100011000110001   1010001   1210001   1410001   16
   10100011000110001    710001    910001   1010001   -1   -1   -1   -1   -1   -1   -1
    0    0    0    0    0    0    0    0    0    0    0    0    0    0    0    0    0

100011000110001    310001100011000110001100011000110001100011000110001100011000110001
10001100011000110001100011000110001    7100011000110001100011000110001100011000110001
1000110001100011000110001    7100011000110001    910001100011000110001100011000110001
10001100011000110001    710001    710001    910001   10100011000110001100011000110001
    710001    910001   101000110001100011000110001   1010001   1210001   1410001   16
   10100011000110001    710001    910001   1010001   14   -1   -1   -1   -1   -1   -1
    0    0    0    0    0    0    0    0    0    0    0    0    0    0    0    0    0

100011000110001    310001100011000110001100011000110001100011000110001100011000110001
10001100011000110001100011000110001    7100011000110001100011000110001100011000110001
1000110001100011000110001    7100011000110001    910001100011000110001100011000110001
10001100011000110001    710001    710001    910001   10100011000110001100011000110001
    710001    910001   101000110001100011000110001   1010001   1210001   1410001   16
   10100011000110001    710001    910001   1010001   1410001   -1   -1   -1   -1   -1
    0    0    0    0    0    0    0    0    0    0    0    0    0    0    0    0    0

100011000110001    310001100011000110001100011000110001100011000110001100011000110001
10001100011000110001100011000110001    7100011000110001100011000110001100011000110001
1000110001100011000110001    7100011000110001    910001100011000110001100011000110001
10001100011000110001    710001    710001    910001   10100011000110001100011000110001
    710001    910001   101000110001100011000110001   1010001   1210001   1410001   16
   10100011000110001    710001    910001   1010001   1410001   16   -1   -1   -1   -1
    0    0    0    0    0    0    0    0    0    0    0    0    0    0    0    0    0

100011000110001    310001100011000110001100011000110001100011000110001100011000110001
10001100011000110001100011000110001    7100011000110001100011000110001100011000110001
1000110001100011000110001    7100011000110001    910001100011000110001100011000110001
10001100011000110001    710001    710001    910001   10100011000110001100011000110001
    710001    910001   101000110001100011000110001   1010001   1210001   1410001   16
   10100011000110001    710001    910001   1010001   1410001   1610001   -1   -1   -1
    0    0    0    0    0    0    0    0    0    0    0    0    0    0    0    0    0

100011000110001    310001100011000110001100011000110001100011000110001100011000110001
10001100011000110001100011000110001    7100011000110001100011000110001100011000110001
1000110001100011000110001    7100011000110001    910001100011000110001100011000110001
10001100011000110001    710001    710001    910001   10100011000110001100011000110001
    710001    910001   101000110001100011000110001   1010001   1210001   1410001   16
   10100011000110001    710001    910001   1010001   1410001   1610001   14   -1   -1
    0    0    0    0    0    0    0    0    0    0    0    0    0    0    0    0    0

100011000110001    310001100011000110001100011000110001100011000110001100011000110001
10001100011000110001100011000110001    7100011000110001100011000110001100011000110001
1000110001100011000110001    7100011000110001    910001100011000110001100011000110001
10001100011000110001    710001    710001    910001   10100011000110001100011000110001
    710001    910001   101000110001100011000110001   1010001   1210001   1410001   16
   10100011000110001    710001    910001   1010001   1410001   1610001   1410001   -1
    0    0    0    0    0    0    0    0    0    0    0    0    0    0    0    0    0

100011000110001    310001100011000110001100011000110001100011000110001100011000110001
10001100011000110001100011000110001    7100011000110001100011000110001100011000110001
1000110001100011000110001    7100011000110001    910001100011000110001100011000110001
10001100011000110001    710001    710001    910001   10100011000110001100011000110001
    710001    910001   101000110001100011000110001   1010001   1210001   1410001   16
   10100011000110001    710001    910001   1010001   1410001   1610001   1410001   16
    0    0    0    0    0    0    0    0    0    0    0    0    0    0    0    0    0

100011000110001    310001100011000110001100011000110001100011000110001100011000110001
10001100011000110001100011000110001    7100011000110001100011000110001100011000110001
1000110001100011000110001    7100011000110001    910001100011000110001100011000110001
10001100011000110001    710001    710001    910001   10100011000110001100011000110001
    710001    910001   101000110001100011000110001   1010001   1210001   1410001   16
   10100011000110001    710001    910001   1010001   1410001   1610001   1410001   16
    9    0    0    0    0    0    0    0    0    0    0    0    0    0    0    0    0

100011000110001    310001100011000110001100011000110001100011000110001100011000110001
10001100011000110001100011000110001    7100011000110001100011000110001100011000110001
1000110001100011000110001    7100011000110001    910001100011000110001100011000110001
10001100011000110001    710001    710001    910001   10100011000110001100011000110001
    710001    910001   101000110001100011000110001   1010001   1210001   1410001   16
   10100011000110001    710001    910001   1010001   1410001   1610001   1410001   16
    910001    0    0    0    0    0    0    0    0    0    0    0    0    0    0    0

100011000110001    310001100011000110001100011000110001100011000110001100011000110001
10001100011000110001100011000110001    7100011000110001100011000110001100011000110001
1000110001100011000110001    7100011000110001    910001100011000110001100011000110001
10001100011000110001    710001    710001    910001   10100011000110001100011000110001
    710001    910001   101000110001100011000110001   1010001   1210001   1410001   16
   10100011000110001    710001    910001   1010001   1410001   1610001   1410001   16
    910001   10    0    0    0    0    0    0    0    0    0    0    0    0    0    0

100011000110001    310001100011000110001100011000110001100011000110001100011000110001
10001100011000110001100011000110001    7100011000110001100011000110001100011000110001
1000110001100011000110001    7100011000110001    910001100011000110001100011000110001
10001100011000110001    710001    710001    910001   10100011000110001100011000110001
    710001    910001   101000110001100011000110001   1010001   1210001   1410001   16
   10100011000110001    710001    910001   1010001   1410001   1610001   1410001   16
    910001   1010001    0    0    0    0    0    0    0    0    0    0    0    0    0

100011000110001    310001100011000110001100011000110001100011000110001100011000110001
10001100011000110001100011000110001    7100011000110001100011000110001100011000110001
1000110001100011000110001    7100011000110001    910001100011000110001100011000110001
10001100011000110001    710001    710001    910001   10100011000110001100011000110001
    710001    910001   101000110001100011000110001   1010001   1210001   1410001   16
   10100011000110001    710001    910001   1010001   1410001   1610001   1410001   16
    910001   1010001   14    0    0    0    0    0    0    0    0    0    0    0    0

100011000110001    310001100011000110001100011000110001100011000110001100011000110001
10001100011000110001100011000110001    7100011000110001100011000110001100011000110001
1000110001100011000110001    7100011000110001    910001100011000110001100011000110001
10001100011000110001    710001    710001    910001   10100011000110001100011000110001
    710001    910001   101000110001100011000110001   1010001   1210001   1410001   16
   10100011000110001    710001    910001   1010001   1410001   1610001   1410001   16
    910001   1010001   1410001    0    0    0    0    0    0    0    0    0    0    0

100011000110001    310001100011000110001100011000110001100011000110001100011000110001
10001100011000110001100011000110001    7100011000110001100011000110001100011000110001
1000110001100011000110001    7100011000110001    910001100011000110001100011000110001
10001100011000110001    710001    710001    910001   10100011000110001100011000110001
    710001    910001   101000110001100011000110001   1010001   1210001   1410001   16
   10100011000110001    710001    910001   1010001   1410001   1610001   1410001   16
    910001   1010001   1410001   10    0    0    0    0    0    0    0    0    0    0

100011000110001    310001100011000110001100011000110001100011000110001100011000110001
10001100011000110001100011000110001    7100011000110001100011000110001100011000110001
1000110001100011000110001    7100011000110001    910001100011000110001100011000110001
10001100011000110001    710001    710001    910001   10100011000110001100011000110001
    710001    910001   101000110001100011000110001   1010001   1210001   1410001   16
   10100011000110001    710001    910001   1010001   1410001   1610001   1410001   16
    910001   1010001   1410001   1010001    0    0    0    0    0    0    0    0    0

100011000110001    310001100011000110001100011000110001100011000110001100011000110001
10001100011000110001100011000110001    7100011000110001100011000110001100011000110001
1000110001100011000110001    7100011000110001    910001100011000110001100011000110001
10001100011000110001    710001    710001    910001   10100011000110001100011000110001
    710001    910001   101000110001100011000110001   1010001   1210001   1410001   16
   10100011000110001    710001    910001   1010001   1410001   1610001   1410001   16
    910001   1010001   1410001   1010001   14    0    0    0    0    0    0    0    0

100011000110001    310001100011000110001100011000110001100011000110001100011000110001
10001100011000110001100011000110001    7100011000110001100011000110001100011000110001
1000110001100011000110001    7100011000110001    910001100011000110001100011000110001
10001100011000110001    710001    710001    910001   10100011000110001100011000110001
    710001    910001   101000110001100011000110001   1010001   1210001   1410001   16
   10100011000110001    710001    910001   1010001   1410001   1610001   1410001   16
    910001   1010001   1410001   1010001   1410001    0    0    0    0    0    0    0

100011000110001    310001100011000110001100011000110001100011000110001100011000110001
10001100011000110001100011000110001    7100011000110001100011000110001100011000110001
1000110001100011000110001    7100011000110001    910001100011000110001100011000110001
10001100011000110001    710001    710001    910001   10100011000110001100011000110001
    710001    910001   101000110001100011000110001   1010001   1210001   1410001   16
   10100011000110001    710001    910001   1010001   1410001   1610001   1410001   16
    910001   1010001   1410001   1010001   1410001   10    0    0    0    0    0    0

100011000110001    310001100011000110001100011000110001100011000110001100011000110001
10001100011000110001100011000110001    7100011000110001100011000110001100011000110001
1000110001100011000110001    7100011000110001    910001100011000110001100011000110001
10001100011000110001    710001    710001    910001   10100011000110001100011000110001
    710001    910001   101000110001100011000110001   1010001   1210001   1410001   16
   10100011000110001    710001    910001   1010001   1410001   1610001   1410001   16
    910001   1010001   1410001   1010001   1410001   1010001    0    0    0    0    0

100011000110001    310001100011000110001100011000110001100011000110001100011000110001
10001100011000110001100011000110001    7100011000110001100011000110001100011000110001
1000110001100011000110001    7100011000110001    910001100011000110001100011000110001
10001100011000110001    710001    710001    910001   10100011000110001100011000110001
    710001    910001   101000110001100011000110001   1010001   1210001   1410001   16
   10100011000110001    710001    910001   1010001   1410001   1610001   1410001   16
    910001   1010001   1410001   1010001   1410001   1010001   12    0    0    0    0

100011000110001    310001100011000110001100011000110001100011000110001100011000110001
10001100011000110001100011000110001    7100011000110001100011000110001100011000110001
1000110001100011000110001    7100011000110001    910001100011000110001100011000110001
10001100011000110001    710001    710001    910001   10100011000110001100011000110001
    710001    910001   101000110001100011000110001   1010001   1210001   1410001   16
   10100011000110001    710001    910001   1010001   1410001   1610001   1410001   16
    910001   1010001   1410001   1010001   1410001   1010001   1210001    0    0    0

100011000110001    310001100011000110001100011000110001100011000110001100011000110001
10001100011000110001100011000110001    7100011000110001100011000110001100011000110001
1000110001100011000110001    7100011000110001    910001100011000110001100011000110001
10001100011000110001    710001    710001    910001   10100011000110001100011000110001
    710001    910001   101000110001100011000110001   1010001   1210001   1410001   16
   10100011000110001    710001    910001   1010001   1410001   1610001   1410001   16
    910001   1010001   1410001   1010001   1410001   1010001   1210001   14    0    0

100011000110001    310001100011000110001100011000110001100011000110001100011000110001
10001100011000110001100011000110001    7100011000110001100011000110001100011000110001
1000110001100011000110001    7100011000110001    910001100011000110001100011000110001
10001100011000110001    710001    710001    910001   10100011000110001100011000110001
    710001    910001   101000110001100011000110001   1010001   1210001   1410001   16
   10100011000110001    710001    910001   1010001   1410001   1610001   1410001   16
    910001   1010001   1410001   1010001   1410001   1010001   1210001   1410001    0

100011000110001    310001100011000110001100011000110001100011000110001100011000110001
10001100011000110001100011000110001    7100011000110001100011000110001100011000110001
1000110001100011000110001    7100011000110001    910001100011000110001100011000110001
10001100011000110001    710001    710001    910001   10100011000110001100011000110001
    710001    910001   101000110001100011000110001   1010001   1210001   1410001   16
   10100011000110001    710001    910001   1010001   1410001   1610001   1410001   16
    910001   1010001   1410001   1010001   1410001   1010001   1210001   1410001   16

11